<?xml version="1.0" encoding="UTF-8"?>
<testng-results skipped="0" failed="0" total="1" passed="1">
  <reporter-output>
  </reporter-output>
  <suite name="Suite" duration-ms="853" started-at="2021-05-04T15:50:17Z" finished-at="2021-05-04T15:50:18Z">
    <groups>
    </groups>
    <test name="Test" duration-ms="853" started-at="2021-05-04T15:50:17Z" finished-at="2021-05-04T15:50:18Z">
      <class name="com.inrythm.app.testcases">
        <test-method status="PASS" signature="config()[pri:0, instance:com.inrythm.app.testcases@4883b407]" name="config" is-config="true" duration-ms="273" started-at="2021-05-04T10:50:17Z" finished-at="2021-05-04T10:50:18Z">
          <reporter-output>
          </reporter-output>
        </test-method> <!-- config -->
        <test-method status="PASS" signature="testscenarios()[pri:0, instance:com.inrythm.app.testcases@4883b407]" name="testscenarios" duration-ms="550" started-at="2021-05-04T10:50:18Z" finished-at="2021-05-04T10:50:18Z">
          <reporter-output>
          </reporter-output>
        </test-method> <!-- testscenarios -->
      </class> <!-- com.inrythm.app.testcases -->
    </test> <!-- Test -->
  </suite> <!-- Suite -->
</testng-results>
